[90m[2024-12-07 14:25:39.683][39m [[1m[34mINFO[39m[22m] Using Tavily Search tool
[90m[2024-12-07 14:25:49.667][39m [[1m[34mINFO[39m[22m] Done using Tavily Search tool
[90m[2024-12-07 14:46:00.617][39m [[1m[34mINFO[39m[22m] Using Tavily Search tool
[90m[2024-12-07 14:46:05.191][39m [[1m[34mINFO[39m[22m] Done using Tavily Search tool
[90m[2024-12-07 17:03:24.148][39m [[1m[34mINFO[39m[22m] Using Tavily Search tool
[90m[2024-12-07 17:03:27.862][39m [[1m[34mINFO[39m[22m] Done using Tavily Search tool
[90m[2024-12-07 17:15:05.518][39m [[1m[34mINFO[39m[22m] Using Tavily Search tool
[90m[2024-12-07 17:15:11.228][39m [[1m[34mINFO[39m[22m] Done using Tavily Search tool
[90m[2024-12-14 14:26:56.290][39m [[1m[34mINFO[39m[22m] Using Tavily Search tool
[90m[2024-12-14 14:27:04.359][39m [[1m[34mINFO[39m[22m] Done using Tavily Search tool
[90m[2024-12-14 20:46:05.100][39m [[1m[34mINFO[39m[22m] Using Tavily Search tool
[90m[2024-12-14 20:46:12.999][39m [[1m[34mINFO[39m[22m] Done using Tavily Search tool
[90m[2024-12-14 20:48:59.081][39m [[1m[34mINFO[39m[22m] Using Tavily Search tool
[90m[2024-12-14 20:49:03.582][39m [[1m[34mINFO[39m[22m] Done using Tavily Search tool
[90m[2024-12-15 23:33:43.239][39m [[1m[34mINFO[39m[22m] User chat saved successfully!
[90m[2024-12-15 23:34:59.135][39m [[1m[34mINFO[39m[22m] User chat saved successfully!
[90m[2024-12-15 23:37:11.687][39m [[1m[34mINFO[39m[22m] User chat saved successfully!
[90m[2024-12-16 14:44:23.662][39m [[1m[34mINFO[39m[22m] User chat saved successfully!
[90m[2024-12-16 14:54:27.643][39m [[1m[34mINFO[39m[22m] User chat saved successfully!
[90m[2024-12-16 18:56:06.647][39m [[1m[34mINFO[39m[22m] User chat saved successfully!
[90m[2024-12-16 19:35:36.247][39m [[1m[34mINFO[39m[22m] User chat saved successfully!
[90m[2024-12-16 19:38:42.241][39m [[1m[34mINFO[39m[22m] User chat saved successfully!
[90m[2024-12-16 19:39:54.726][39m [[1m[34mINFO[39m[22m] User chat saved successfully!
[90m[2024-12-16 19:41:02.333][39m [[1m[34mINFO[39m[22m] User chat saved successfully!
[90m[2024-12-16 19:41:14.705][39m [[1m[34mINFO[39m[22m] User chat saved successfully!
[90m[2024-12-16 19:49:19.422][39m [[1m[34mINFO[39m[22m] User chat saved successfully!
[90m[2024-12-16 19:51:19.195][39m [[1m[34mINFO[39m[22m] User chat saved successfully!
[90m[2024-12-16 20:03:51.566][39m [[1m[31mERROR[39m[22m] Error when save the chat properties in <saveChat()>
[90m[2024-12-16 20:12:43.123][39m [[1m[34mINFO[39m[22m] User chat saved successfully!
[90m[2024-12-16 20:14:45.031][39m [[1m[34mINFO[39m[22m] User chat saved successfully!
[90m[2024-12-16 20:38:22.459][39m [[1m[34mINFO[39m[22m] User chat saved successfully!
[90m[2024-12-16 20:54:24.023][39m [[1m[34mINFO[39m[22m] User chat saved successfully!
[90m[2024-12-20 19:20:11.034][39m [[1m[34mINFO[39m[22m] User chat saved successfully!
[90m[2024-12-20 20:02:45.851][39m [[1m[34mINFO[39m[22m] User chat saved successfully!
[90m[2024-12-20 20:04:56.670][39m [[1m[34mINFO[39m[22m] User chat saved successfully!
[90m[2024-12-20 20:11:12.705][39m [[1m[34mINFO[39m[22m] User chat saved successfully!
[90m[2024-12-20 20:25:18.034][39m [[1m[34mINFO[39m[22m] User chat saved successfully!
[90m[2024-12-21 00:33:52.326][39m [[1m[34mINFO[39m[22m] User chat saved successfully!
[90m[2024-12-21 00:34:23.114][39m [[1m[34mINFO[39m[22m] User chat saved successfully!
[90m[2024-12-21 00:35:19.593][39m [[1m[34mINFO[39m[22m] User chat saved successfully!
[90m[2024-12-21 00:39:43.486][39m [[1m[34mINFO[39m[22m] User chat saved successfully!
[90m[2024-12-21 12:09:44.856][39m [[1m[34mINFO[39m[22m] User chat saved successfully!
[90m[2024-12-22 17:38:23.987][39m [[1m[33mWARN[39m[22m] {
  "ctx": "Scrape attempt 1 failed",
  "meta": [
    {
      "url": "https://www.tokopedia.com/search?q=Intel+Arc",
      "error": "Failed to scrape URL. Status code: 408. Error: Request timed out",
      "nextAttemptIn": 1000
    }
  ]
}
[90m[2024-12-22 19:06:33.436][39m [[1m[33mWARN[39m[22m] {
  "ctx": "Scrape attempt 1 failed",
  "meta": [
    {
      "url": "https://www.tokopedia.com/search?q=intel+arc",
      "error": "Failed to scrape URL. Status code: 500. Error: (Internal server error) - timeout",
      "nextAttemptIn": 1000
    }
  ]
}
[90m[2024-12-28 15:03:55.065][39m [[1m[34mINFO[39m[22m] {
  "ctx": "DEBUG: <ai-state> saved!",
  "meta": [
    null
  ]
}
[90m[2024-12-28 15:04:01.391][39m [[1m[34mINFO[39m[22m] {
  "ctx": "User chat saved successfully!",
  "meta": [
    null
  ]
}
[90m[2024-12-28 15:08:01.564][39m [[1m[34mINFO[39m[22m] {
  "ctx": "DEBUG: <ai-state> saved!",
  "meta": [
    null
  ]
}
[90m[2024-12-28 15:08:07.213][39m [[1m[34mINFO[39m[22m] {
  "ctx": "User chat saved successfully!",
  "meta": [
    null
  ]
}
[90m[2024-12-28 16:54:31.135][39m [[1m[34mINFO[39m[22m] {
  "ctx": "DEBUG: <ai-state> saved!",
  "meta": [
    null
  ]
}
[90m[2024-12-28 16:54:38.051][39m [[1m[34mINFO[39m[22m] {
  "ctx": "User chat saved successfully!",
  "meta": [
    null
  ]
}
[90m[2024-12-28 16:58:05.747][39m [[1m[34mINFO[39m[22m] {
  "ctx": "DEBUG: <ai-state> saved!",
  "meta": [
    null
  ]
}
[90m[2024-12-28 16:58:09.748][39m [[1m[34mINFO[39m[22m] {
  "ctx": "User chat saved successfully!",
  "meta": [
    null
  ]
}
[90m[2024-12-29 01:33:55.526][39m [[1m[34mINFO[39m[22m] {
  "ctx": "DEBUG: <ai-state> saved!",
  "meta": [
    null
  ]
}
[90m[2024-12-29 01:34:00.862][39m [[1m[34mINFO[39m[22m] {
  "ctx": "User chat saved successfully!",
  "meta": [
    null
  ]
}
[90m[2024-12-29 01:34:58.687][39m [[1m[34mINFO[39m[22m] {
  "ctx": "DEBUG: <ai-state> saved!",
  "meta": [
    null
  ]
}
[90m[2024-12-29 01:35:00.090][39m [[1m[34mINFO[39m[22m] {
  "ctx": "User chat saved successfully!",
  "meta": [
    null
  ]
}
[90m[2024-12-29 22:44:42.702][39m [[1m[34mINFO[39m[22m] {
  "ctx": "DEBUG: <ai-state> saved!",
  "meta": [
    null
  ]
}
[90m[2024-12-29 22:44:48.210][39m [[1m[34mINFO[39m[22m] {
  "ctx": "User chat saved successfully!",
  "meta": [
    null
  ]
}
[90m[2024-12-29 23:31:54.072][39m [[1m[34mINFO[39m[22m] {
  "ctx": "DEBUG: <ai-state> saved!",
  "meta": [
    null
  ]
}
[90m[2024-12-29 23:31:57.587][39m [[1m[31mERROR[39m[22m] {
  "ctx": "Error when save the chat properties in <saveChat()>",
  "meta": [
    null
  ]
}
[90m[2024-12-29 23:44:14.923][39m [[1m[34mINFO[39m[22m] {
  "ctx": "DEBUG: <ai-state> saved!",
  "meta": [
    null
  ]
}
[90m[2024-12-29 23:44:16.759][39m [[1m[34mINFO[39m[22m] {
  "ctx": "User chat saved successfully!",
  "meta": [
    null
  ]
}
[90m[2024-12-30 11:24:54.668][39m [[1m[34mINFO[39m[22m] {
  "ctx": "DEBUG: <ai-state> saved!",
  "meta": [
    null
  ]
}
[90m[2024-12-30 11:24:56.399][39m [[1m[34mINFO[39m[22m] {
  "ctx": "User chat saved successfully!",
  "meta": [
    null
  ]
}
[90m[2024-12-31 17:12:19.756][39m [[1m[34mINFO[39m[22m] {
  "ctx": "DEBUG: <ai-state> saved!",
  "meta": [
    null
  ]
}
[90m[2024-12-31 17:12:21.525][39m [[1m[34mINFO[39m[22m] {
  "ctx": "User chat saved successfully!",
  "meta": [
    null
  ]
}
[90m[2025-01-04 19:31:35.559][39m [[1m[31mERROR[39m[22m] {
  "ctx": "Error getting the user chat in <getChats()>",
  "meta": [
    null
  ]
}
[90m[2025-01-04 19:31:36.227][39m [[1m[31mERROR[39m[22m] {
  "ctx": "Error getting the user chat in <getChats()>",
  "meta": [
    null
  ]
}
[90m[2025-01-04 23:08:52.617][39m [[1m[34mINFO[39m[22m] {
  "ctx": "DEBUG: <ai-state> saved!",
  "meta": [
    null
  ]
}
[90m[2025-01-04 23:08:54.375][39m [[1m[34mINFO[39m[22m] {
  "ctx": "User chat saved successfully!",
  "meta": [
    null
  ]
}
[90m[2025-01-04 23:16:38.881][39m [[1m[34mINFO[39m[22m] {
  "ctx": "DEBUG: <ai-state> saved!",
  "meta": [
    null
  ]
}
[90m[2025-01-04 23:16:39.980][39m [[1m[34mINFO[39m[22m] {
  "ctx": "User chat saved successfully!",
  "meta": [
    null
  ]
}
[90m[2025-01-06 10:58:52.644][39m [[1m[34mINFO[39m[22m] {
  "ctx": "DEBUG: <ai-state> saved!",
  "meta": [
    null
  ]
}
[90m[2025-01-06 10:58:54.602][39m [[1m[34mINFO[39m[22m] {
  "ctx": "User chat saved successfully!",
  "meta": [
    null
  ]
}
[90m[2025-01-06 11:11:20.049][39m [[1m[34mINFO[39m[22m] {
  "ctx": "DEBUG: <ai-state> saved!",
  "meta": [
    null
  ]
}
[90m[2025-01-06 11:11:21.088][39m [[1m[34mINFO[39m[22m] {
  "ctx": "User chat saved successfully!",
  "meta": [
    null
  ]
}
[90m[2025-01-06 22:58:11.284][39m [[1m[34mINFO[39m[22m] {
  "ctx": "DEBUG: <ai-state> saved!",
  "meta": [
    null
  ]
}
[90m[2025-01-06 22:58:13.378][39m [[1m[34mINFO[39m[22m] {
  "ctx": "User chat saved successfully!",
  "meta": [
    null
  ]
}
[90m[2025-01-07 00:02:49.512][39m [[1m[34mINFO[39m[22m] {
  "ctx": "DEBUG: <ai-state> saved!",
  "meta": [
    null
  ]
}
[90m[2025-01-07 00:02:50.433][39m [[1m[31mERROR[39m[22m] {
  "ctx": "Error when save the chat properties in <saveChat()>",
  "meta": [
    null
  ]
}
[90m[2025-01-07 16:31:43.571][39m [[1m[34mINFO[39m[22m] {
  "ctx": "DEBUG: <ai-state> saved!",
  "meta": [
    null
  ]
}
[90m[2025-01-07 16:31:44.484][39m [[1m[31mERROR[39m[22m] {
  "ctx": "Error when save the chat properties in <saveChat()>",
  "meta": [
    null
  ]
}
[90m[2025-01-07 16:35:22.295][39m [[1m[34mINFO[39m[22m] {
  "ctx": "DEBUG: <ai-state> saved!",
  "meta": [
    null
  ]
}
[90m[2025-01-07 16:35:23.107][39m [[1m[31mERROR[39m[22m] {
  "ctx": "Error when save the chat properties in <saveChat()>",
  "meta": [
    null
  ]
}
[90m[2025-01-07 16:53:59.118][39m [[1m[34mINFO[39m[22m] {
  "ctx": "DEBUG: <ai-state> saved!",
  "meta": [
    null
  ]
}
[90m[2025-01-07 16:53:59.945][39m [[1m[31mERROR[39m[22m] {
  "ctx": "Error when save the chat properties in <saveChat()>",
  "meta": [
    null
  ]
}
[90m[2025-01-07 16:58:21.124][39m [[1m[34mINFO[39m[22m] {
  "ctx": "DEBUG: <ai-state> saved!",
  "meta": [
    null
  ]
}
[90m[2025-01-07 16:58:21.961][39m [[1m[31mERROR[39m[22m] {
  "ctx": "Error when save the chat properties in <saveChat()>",
  "meta": [
    null
  ]
}
[90m[2025-01-07 17:00:27.929][39m [[1m[34mINFO[39m[22m] {
  "ctx": "DEBUG: <ai-state> saved!",
  "meta": [
    null
  ]
}
[90m[2025-01-07 17:00:28.724][39m [[1m[31mERROR[39m[22m] {
  "ctx": "Error when save the chat properties in <saveChat()>",
  "meta": [
    null
  ]
}
[90m[2025-01-07 17:01:19.624][39m [[1m[34mINFO[39m[22m] {
  "ctx": "DEBUG: <ai-state> saved!",
  "meta": [
    null
  ]
}
[90m[2025-01-07 17:01:20.554][39m [[1m[31mERROR[39m[22m] {
  "ctx": "Error when save the chat properties in <saveChat()>",
  "meta": [
    null
  ]
}
[90m[2025-01-07 17:09:09.853][39m [[1m[34mINFO[39m[22m] {
  "ctx": "DEBUG: <ai-state> saved!",
  "meta": [
    null
  ]
}
[90m[2025-01-07 17:09:11.174][39m [[1m[31mERROR[39m[22m] {
  "ctx": "Error when save the chat properties in <saveChat()>",
  "meta": [
    null
  ]
}
[90m[2025-01-07 18:36:48.783][39m [[1m[34mINFO[39m[22m] {
  "ctx": "DEBUG: <ai-state> saved!",
  "meta": [
    null
  ]
}
[90m[2025-01-07 18:36:50.882][39m [[1m[31mERROR[39m[22m] {
  "ctx": "Error when save the chat properties in <saveChat()>",
  "meta": [
    null
  ]
}
[90m[2025-01-07 21:19:08.793][39m [[1m[34mINFO[39m[22m] {
  "ctx": "DEBUG: <ai-state> saved!",
  "meta": [
    null
  ]
}
[90m[2025-01-07 21:19:10.876][39m [[1m[34mINFO[39m[22m] {
  "ctx": "User chat saved successfully!",
  "meta": [
    null
  ]
}
[90m[2025-01-07 21:20:19.849][39m [[1m[33mWARN[39m[22m] {
  "ctx": "Scrape attempt 1 failed",
  "meta": [
    {
      "url": "https://www.tokopedia.com/lenovolegion/lenovo-legion-go-amd-z1-extreme-16gb-512-ssd-8-8-qhd-144hz-win-11-1tb-ssd-c74b6?extParam=ivf%3Dtrue%26keyword%3Dlenovo+legion%26search_id%3D20250107141844C444B4622DDEDA3D4X61%26src%3Dsearch",
      "error": "Failed to scrape URL. Status code: 500. Error: (Internal server error) - timeout",
      "nextAttemptIn": 1000
    }
  ]
}
[90m[2025-01-07 21:20:51.137][39m [[1m[33mWARN[39m[22m] {
  "ctx": "Scrape attempt 2 failed",
  "meta": [
    {
      "url": "https://www.tokopedia.com/lenovolegion/lenovo-legion-go-amd-z1-extreme-16gb-512-ssd-8-8-qhd-144hz-win-11-1tb-ssd-c74b6?extParam=ivf%3Dtrue%26keyword%3Dlenovo+legion%26search_id%3D20250107141844C444B4622DDEDA3D4X61%26src%3Dsearch",
      "error": "Failed to scrape URL. Status code: 500. Error: (Internal server error) - timeout",
      "nextAttemptIn": 2000
    }
  ]
}
[90m[2025-01-07 21:21:23.446][39m [[1m[31mERROR[39m[22m] {
  "ctx": "Firecrawl operation error",
  "meta": [
    {
      "error": "Scrape operation failed",
      "input": {
        "action": "scrape",
        "properties": {
          "url": "https://www.tokopedia.com/lenovolegion/lenovo-legion-go-amd-z1-extreme-16gb-512-ssd-8-8-qhd-144hz-win-11-1tb-ssd-c74b6?extParam=ivf%3Dtrue%26keyword%3Dlenovo+legion%26search_id%3D20250107141844C444B4622DDEDA3D4X61%26src%3Dsearch",
          "formats": [
            "extract",
            "screenshot"
          ],
          "usePrompt": true,
          "systemPrompt": "You are professional data extractor",
          "prompt": "Extract the product description with a full details"
        }
      }
    }
  ]
}
[90m[2025-01-07 23:34:20.977][39m [[1m[34mINFO[39m[22m] {
  "ctx": "DEBUG: <ai-state> saved!",
  "meta": [
    null
  ]
}
[90m[2025-01-07 23:34:22.194][39m [[1m[34mINFO[39m[22m] {
  "ctx": "User chat saved successfully!",
  "meta": [
    null
  ]
}
[90m[2025-01-07 23:35:37.319][39m [[1m[34mINFO[39m[22m] {
  "ctx": "Executing tool: <getProductDetails>",
  "meta": [
    {
      "query": ""
    }
  ]
}
[90m[2025-01-07 23:36:23.718][39m [[1m[34mINFO[39m[22m] {
  "ctx": "DEBUG: <ai-state> saved!",
  "meta": [
    null
  ]
}
[90m[2025-01-07 23:36:25.488][39m [[1m[31mERROR[39m[22m] {
  "ctx": "Error when save the chat properties in <saveChat()>",
  "meta": [
    null
  ]
}
[90m[2025-01-08 00:18:47.844][39m [[1m[34mINFO[39m[22m] {
  "ctx": "Executing tool: <getProductDetails>",
  "meta": [
    {
      "query": ""
    }
  ]
}
[90m[2025-01-08 00:19:36.586][39m [[1m[34mINFO[39m[22m] {
  "ctx": "DEBUG: <ai-state> saved!",
  "meta": [
    null
  ]
}
[90m[2025-01-08 00:19:40.595][39m [[1m[31mERROR[39m[22m] {
  "ctx": "Error when save the chat properties in <saveChat()>",
  "meta": [
    null
  ]
}
[90m[2025-01-08 22:40:51.021][39m [[1m[34mINFO[39m[22m] {
  "ctx": "DEBUG: <ai-state> saved!",
  "meta": [
    null
  ]
}
[90m[2025-01-08 22:40:53.157][39m [[1m[34mINFO[39m[22m] {
  "ctx": "User chat saved successfully!",
  "meta": [
    null
  ]
}
[90m[2025-01-09 09:24:57.587][39m [[1m[34mINFO[39m[22m] {
  "ctx": "Executing tool: <getProductDetails>",
  "meta": [
    {
      "query": "product details"
    }
  ]
}
[90m[2025-01-09 09:25:31.649][39m [[1m[34mINFO[39m[22m] {
  "ctx": "DEBUG: <ai-state> saved!",
  "meta": [
    null
  ]
}
[90m[2025-01-09 09:25:33.423][39m [[1m[31mERROR[39m[22m] {
  "ctx": "Error when save the chat properties in <saveChat()>",
  "meta": [
    null
  ]
}
[90m[2025-01-09 09:36:00.206][39m [[1m[34mINFO[39m[22m] {
  "ctx": "Executing tool: <getProductDetails>",
  "meta": [
    {
      "query": "product details"
    }
  ]
}
[90m[2025-01-09 09:36:46.601][39m [[1m[34mINFO[39m[22m] {
  "ctx": "DEBUG: <ai-state> saved!",
  "meta": [
    null
  ]
}
[90m[2025-01-09 09:36:48.705][39m [[1m[31mERROR[39m[22m] {
  "ctx": "Error when save the chat properties in <saveChat()>",
  "meta": [
    null
  ]
}
[90m[2025-01-09 18:44:17.934][39m [[1m[34mINFO[39m[22m] {
  "ctx": "Executing tool: <getProductDetails>",
  "meta": [
    {
      "query": "product details"
    }
  ]
}
[90m[2025-01-09 18:45:05.107][39m [[1m[34mINFO[39m[22m] {
  "ctx": "DEBUG: <ai-state> saved!",
  "meta": [
    null
  ]
}
[90m[2025-01-09 18:45:06.259][39m [[1m[34mINFO[39m[22m] {
  "ctx": "User chat saved successfully!",
  "meta": [
    null
  ]
}
[90m[2025-01-09 19:58:21.695][39m [[1m[34mINFO[39m[22m] {
  "ctx": "DEBUG: <ai-state> saved!",
  "meta": [
    null
  ]
}
[90m[2025-01-09 19:58:23.084][39m [[1m[34mINFO[39m[22m] {
  "ctx": "User chat saved successfully!",
  "meta": [
    null
  ]
}
[90m[2025-01-09 20:10:05.865][39m [[1m[34mINFO[39m[22m] {
  "ctx": "Executing tool: <getProductDetails>",
  "meta": [
    {
      "query": "product details"
    }
  ]
}
[90m[2025-01-09 20:10:54.028][39m [[1m[34mINFO[39m[22m] {
  "ctx": "DEBUG: <ai-state> saved!",
  "meta": [
    null
  ]
}
[90m[2025-01-09 20:10:55.858][39m [[1m[34mINFO[39m[22m] {
  "ctx": "User chat saved successfully!",
  "meta": [
    null
  ]
}
[90m[2025-01-10 18:50:00.448][39m [[1m[34mINFO[39m[22m] {
  "ctx": "DEBUG: <ai-state> saved!",
  "meta": [
    null
  ]
}
[90m[2025-01-10 18:50:02.193][39m [[1m[34mINFO[39m[22m] {
  "ctx": "DEBUG: <saved-ai-state> saved!",
  "meta": [
    null
  ]
}
[90m[2025-01-10 18:50:02.230][39m [[1m[34mINFO[39m[22m] {
  "ctx": "User chat saved successfully!",
  "meta": [
    null
  ]
}
[90m[2025-01-10 18:50:51.715][39m [[1m[34mINFO[39m[22m] {
  "ctx": "Executing tool: <getProductDetails>",
  "meta": [
    {
      "query": "product details"
    }
  ]
}
[90m[2025-01-10 18:51:37.583][39m [[1m[34mINFO[39m[22m] {
  "ctx": "DEBUG: <ai-state> saved!",
  "meta": [
    null
  ]
}
[90m[2025-01-10 18:51:39.470][39m [[1m[34mINFO[39m[22m] {
  "ctx": "DEBUG: <saved-ai-state> saved!",
  "meta": [
    null
  ]
}
[90m[2025-01-10 18:51:39.538][39m [[1m[34mINFO[39m[22m] {
  "ctx": "User chat saved successfully!",
  "meta": [
    null
  ]
}
[90m[2025-01-10 18:54:26.784][39m [[1m[34mINFO[39m[22m] {
  "ctx": "DEBUG: <ai-state> saved!",
  "meta": [
    null
  ]
}
[90m[2025-01-10 18:54:28.441][39m [[1m[34mINFO[39m[22m] {
  "ctx": "DEBUG: <saved-ai-state> saved!",
  "meta": [
    null
  ]
}
[90m[2025-01-10 18:54:28.478][39m [[1m[34mINFO[39m[22m] {
  "ctx": "User chat saved successfully!",
  "meta": [
    null
  ]
}
[90m[2025-01-10 18:55:53.777][39m [[1m[34mINFO[39m[22m] {
  "ctx": "Executing tool: <getProductDetails>",
  "meta": [
    {
      "query": "product details"
    }
  ]
}
[90m[2025-01-10 18:56:30.691][39m [[1m[34mINFO[39m[22m] {
  "ctx": "DEBUG: <ai-state> saved!",
  "meta": [
    null
  ]
}
[90m[2025-01-10 18:56:31.722][39m [[1m[34mINFO[39m[22m] {
  "ctx": "DEBUG: <saved-ai-state> saved!",
  "meta": [
    null
  ]
}
[90m[2025-01-10 18:56:31.787][39m [[1m[34mINFO[39m[22m] {
  "ctx": "User chat saved successfully!",
  "meta": [
    null
  ]
}
[90m[2025-01-10 19:04:18.653][39m [[1m[34mINFO[39m[22m] {
  "ctx": "User chat saved!",
  "meta": [
    {
      "userId": "agungprase9957@gmail.com"
    }
  ]
}
[90m[2025-01-10 19:04:19.175][39m [[1m[34mINFO[39m[22m] {
  "ctx": "User chat saved!",
  "meta": [
    {
      "userId": "agungprase9957@gmail.com"
    }
  ]
}
[90m[2025-01-10 19:05:34.203][39m [[1m[34mINFO[39m[22m] {
  "ctx": "DEBUG: <ai-state> saved!",
  "meta": [
    null
  ]
}
[90m[2025-01-10 19:05:37.720][39m [[1m[34mINFO[39m[22m] {
  "ctx": "DEBUG: <saved-ai-state> saved!",
  "meta": [
    null
  ]
}
[90m[2025-01-10 19:05:37.779][39m [[1m[34mINFO[39m[22m] {
  "ctx": "User chat saved successfully!",
  "meta": [
    null
  ]
}
[90m[2025-01-10 19:06:23.999][39m [[1m[34mINFO[39m[22m] {
  "ctx": "Executing tool: <getProductDetails>",
  "meta": [
    {
      "query": "product details"
    }
  ]
}
[90m[2025-01-10 19:06:54.619][39m [[1m[33mWARN[39m[22m] {
  "ctx": "Scrape attempt 1 failed",
  "meta": [
    {
      "url": "https://www.tokopedia.com/hokkiemarket/aorus-geforce-rtx-3090-xtreme-24g-nvidia-gpu-bekas?extParam=ivf%3Dfalse%26keyword%3Drtx+3090%26search_id%3D20250110120505F8838E8E462D0F233CZ3%26src%3Dsearch&refined=true",
      "error": "Failed to scrape URL. Status code: 500. Error: (Internal server error) - timeout",
      "nextAttemptIn": 1000
    }
  ]
}
[90m[2025-01-10 19:07:25.933][39m [[1m[33mWARN[39m[22m] {
  "ctx": "Scrape attempt 2 failed",
  "meta": [
    {
      "url": "https://www.tokopedia.com/hokkiemarket/aorus-geforce-rtx-3090-xtreme-24g-nvidia-gpu-bekas?extParam=ivf%3Dfalse%26keyword%3Drtx+3090%26search_id%3D20250110120505F8838E8E462D0F233CZ3%26src%3Dsearch&refined=true",
      "error": "Failed to scrape URL. Status code: 500. Error: (Internal server error) - timeout",
      "nextAttemptIn": 2000
    }
  ]
}
[90m[2025-01-10 19:08:07.815][39m [[1m[34mINFO[39m[22m] {
  "ctx": "DEBUG: <ai-state> saved!",
  "meta": [
    null
  ]
}
[90m[2025-01-10 19:08:08.817][39m [[1m[34mINFO[39m[22m] {
  "ctx": "DEBUG: <saved-ai-state> saved!",
  "meta": [
    null
  ]
}
[90m[2025-01-10 19:08:08.857][39m [[1m[34mINFO[39m[22m] {
  "ctx": "User chat saved successfully!",
  "meta": [
    null
  ]
}
[90m[2025-01-10 19:08:14.453][39m [[1m[34mINFO[39m[22m] {
  "ctx": "User chat saved!",
  "meta": [
    {
      "userId": "agungprase9957@gmail.com"
    }
  ]
}
[90m[2025-01-10 19:08:17.082][39m [[1m[34mINFO[39m[22m] {
  "ctx": "User chat saved!",
  "meta": [
    {
      "userId": "agungprase9957@gmail.com"
    }
  ]
}
[90m[2025-01-10 19:08:30.385][39m [[1m[34mINFO[39m[22m] {
  "ctx": "User chat saved!",
  "meta": [
    {
      "userId": "agungprase9957@gmail.com"
    }
  ]
}
[90m[2025-01-10 20:33:16.474][39m [[1m[34mINFO[39m[22m] {
  "ctx": "User chat saved!",
  "meta": [
    {
      "userId": "agungprase9957@gmail.com"
    }
  ]
}
[90m[2025-01-10 20:33:17.247][39m [[1m[34mINFO[39m[22m] {
  "ctx": "User chat saved!",
  "meta": [
    {
      "userId": "agungprase9957@gmail.com"
    }
  ]
}
[90m[2025-01-10 20:33:27.297][39m [[1m[34mINFO[39m[22m] {
  "ctx": "User chat saved!",
  "meta": [
    {
      "userId": "agungprase9957@gmail.com"
    }
  ]
}
[90m[2025-01-10 20:34:47.671][39m [[1m[34mINFO[39m[22m] {
  "ctx": "DEBUG: <ai-state> saved!",
  "meta": [
    null
  ]
}
[90m[2025-01-10 20:34:48.799][39m [[1m[34mINFO[39m[22m] {
  "ctx": "DEBUG: <saved-ai-state> saved!",
  "meta": [
    null
  ]
}
[90m[2025-01-10 20:34:48.852][39m [[1m[34mINFO[39m[22m] {
  "ctx": "User chat saved successfully!",
  "meta": [
    null
  ]
}
[90m[2025-01-10 20:35:22.915][39m [[1m[34mINFO[39m[22m] {
  "ctx": "Executing tool: <getProductDetails>",
  "meta": [
    {
      "query": "product details"
    }
  ]
}
[90m[2025-01-10 21:33:14.398][39m [[1m[34mINFO[39m[22m] {
  "ctx": "User chat saved!",
  "meta": [
    {
      "userId": "agungprase9957@gmail.com"
    }
  ]
}
[90m[2025-01-10 21:33:14.898][39m [[1m[34mINFO[39m[22m] {
  "ctx": "User chat saved!",
  "meta": [
    {
      "userId": "agungprase9957@gmail.com"
    }
  ]
}
[90m[2025-01-10 21:33:18.080][39m [[1m[34mINFO[39m[22m] {
  "ctx": "User chat saved!",
  "meta": [
    {
      "userId": "agungprase9957@gmail.com"
    }
  ]
}
[90m[2025-01-10 21:33:18.693][39m [[1m[34mINFO[39m[22m] {
  "ctx": "User chat saved!",
  "meta": [
    {
      "userId": "agungprase9957@gmail.com"
    }
  ]
}
[90m[2025-01-10 21:40:36.395][39m [[1m[34mINFO[39m[22m] {
  "ctx": "User chat saved!",
  "meta": [
    {
      "userId": "agungprase9957@gmail.com"
    }
  ]
}
[90m[2025-01-10 21:40:36.863][39m [[1m[34mINFO[39m[22m] {
  "ctx": "User chat saved!",
  "meta": [
    {
      "userId": "agungprase9957@gmail.com"
    }
  ]
}
[90m[2025-01-10 21:56:54.202][39m [[1m[34mINFO[39m[22m] {
  "ctx": "User chat saved!",
  "meta": [
    {
      "userId": "agungprase9957@gmail.com"
    }
  ]
}
[90m[2025-01-11 10:19:31.010][39m [[1m[34mINFO[39m[22m] {
  "ctx": "User chat saved!",
  "meta": [
    {
      "userId": "agungprase9957@gmail.com"
    }
  ]
}
[90m[2025-01-11 10:28:10.188][39m [[1m[34mINFO[39m[22m] {
  "ctx": "User chat saved!",
  "meta": [
    {
      "userId": "agungprase9957@gmail.com"
    }
  ]
}
[90m[2025-01-11 10:29:34.210][39m [[1m[34mINFO[39m[22m] {
  "ctx": "User chat saved!",
  "meta": [
    {
      "userId": "agungprase9957@gmail.com"
    }
  ]
}
[90m[2025-01-11 10:35:22.469][39m [[1m[34mINFO[39m[22m] {
  "ctx": "User chat saved!",
  "meta": [
    {
      "userId": "agungprase9957@gmail.com"
    }
  ]
}
[90m[2025-01-11 10:35:31.374][39m [[1m[34mINFO[39m[22m] {
  "ctx": "User chat saved!",
  "meta": [
    {
      "userId": "agungprase9957@gmail.com"
    }
  ]
}
[90m[2025-01-11 10:36:09.856][39m [[1m[34mINFO[39m[22m] {
  "ctx": "User chat saved!",
  "meta": [
    {
      "userId": "agungprase9957@gmail.com"
    }
  ]
}
[90m[2025-01-11 10:36:27.576][39m [[1m[34mINFO[39m[22m] {
  "ctx": "User chat saved!",
  "meta": [
    {
      "userId": "agungprase9957@gmail.com"
    }
  ]
}
[90m[2025-01-11 10:36:37.050][39m [[1m[34mINFO[39m[22m] {
  "ctx": "User chat saved!",
  "meta": [
    {
      "userId": "agungprase9957@gmail.com"
    }
  ]
}
[90m[2025-01-11 10:37:33.250][39m [[1m[34mINFO[39m[22m] {
  "ctx": "User chat saved!",
  "meta": [
    {
      "userId": "agungprase9957@gmail.com"
    }
  ]
}
[90m[2025-01-11 10:38:52.132][39m [[1m[34mINFO[39m[22m] {
  "ctx": "User chat saved!",
  "meta": [
    {
      "userId": "agungprase9957@gmail.com"
    }
  ]
}
[90m[2025-01-11 10:39:11.987][39m [[1m[34mINFO[39m[22m] {
  "ctx": "User chat saved!",
  "meta": [
    {
      "userId": "agungprase9957@gmail.com"
    }
  ]
}
[90m[2025-01-11 10:39:41.171][39m [[1m[34mINFO[39m[22m] {
  "ctx": "User chat saved!",
  "meta": [
    {
      "userId": "agungprase9957@gmail.com"
    }
  ]
}
[90m[2025-01-11 10:39:54.446][39m [[1m[34mINFO[39m[22m] {
  "ctx": "User chat saved!",
  "meta": [
    {
      "userId": "agungprase9957@gmail.com"
    }
  ]
}
[90m[2025-01-11 10:41:04.246][39m [[1m[34mINFO[39m[22m] {
  "ctx": "User chat saved!",
  "meta": [
    {
      "userId": "agungprase9957@gmail.com"
    }
  ]
}
[90m[2025-01-11 10:42:04.084][39m [[1m[34mINFO[39m[22m] {
  "ctx": "User chat saved!",
  "meta": [
    {
      "userId": "agungprase9957@gmail.com"
    }
  ]
}
[90m[2025-01-11 10:42:17.679][39m [[1m[34mINFO[39m[22m] {
  "ctx": "User chat saved!",
  "meta": [
    {
      "userId": "agungprase9957@gmail.com"
    }
  ]
}
[90m[2025-01-11 10:42:28.871][39m [[1m[34mINFO[39m[22m] {
  "ctx": "User chat saved!",
  "meta": [
    {
      "userId": "agungprase9957@gmail.com"
    }
  ]
}
[90m[2025-01-11 10:42:37.364][39m [[1m[34mINFO[39m[22m] {
  "ctx": "User chat saved!",
  "meta": [
    {
      "userId": "agungprase9957@gmail.com"
    }
  ]
}
[90m[2025-01-11 10:43:29.561][39m [[1m[34mINFO[39m[22m] {
  "ctx": "User chat saved!",
  "meta": [
    {
      "userId": "agungprase9957@gmail.com"
    }
  ]
}
[90m[2025-01-11 10:45:10.313][39m [[1m[34mINFO[39m[22m] {
  "ctx": "User chat saved!",
  "meta": [
    {
      "userId": "agungprase9957@gmail.com"
    }
  ]
}
[90m[2025-01-11 10:45:17.054][39m [[1m[34mINFO[39m[22m] {
  "ctx": "User chat saved!",
  "meta": [
    {
      "userId": "agungprase9957@gmail.com"
    }
  ]
}
[90m[2025-01-11 10:45:24.478][39m [[1m[34mINFO[39m[22m] {
  "ctx": "User chat saved!",
  "meta": [
    {
      "userId": "agungprase9957@gmail.com"
    }
  ]
}
[90m[2025-01-11 10:48:38.683][39m [[1m[34mINFO[39m[22m] {
  "ctx": "User chat saved!",
  "meta": [
    {
      "userId": "agungprase9957@gmail.com"
    }
  ]
}
[90m[2025-01-11 10:48:55.154][39m [[1m[34mINFO[39m[22m] {
  "ctx": "User chat saved!",
  "meta": [
    {
      "userId": "agungprase9957@gmail.com"
    }
  ]
}
[90m[2025-01-11 10:50:01.508][39m [[1m[34mINFO[39m[22m] {
  "ctx": "User chat saved!",
  "meta": [
    {
      "userId": "agungprase9957@gmail.com"
    }
  ]
}
[90m[2025-01-11 10:50:24.214][39m [[1m[34mINFO[39m[22m] {
  "ctx": "User chat saved!",
  "meta": [
    {
      "userId": "agungprase9957@gmail.com"
    }
  ]
}
[90m[2025-01-11 10:52:05.267][39m [[1m[34mINFO[39m[22m] {
  "ctx": "User chat saved!",
  "meta": [
    {
      "userId": "agungprase9957@gmail.com"
    }
  ]
}
[90m[2025-01-11 10:52:30.931][39m [[1m[34mINFO[39m[22m] {
  "ctx": "User chat saved!",
  "meta": [
    {
      "userId": "agungprase9957@gmail.com"
    }
  ]
}
[90m[2025-01-11 10:52:43.062][39m [[1m[34mINFO[39m[22m] {
  "ctx": "User chat saved!",
  "meta": [
    {
      "userId": "agungprase9957@gmail.com"
    }
  ]
}
[90m[2025-01-11 11:11:52.471][39m [[1m[34mINFO[39m[22m] {
  "ctx": "User chat saved!",
  "meta": [
    {
      "userId": "agungprase9957@gmail.com"
    }
  ]
}
[90m[2025-01-11 11:15:24.551][39m [[1m[34mINFO[39m[22m] {
  "ctx": "User chat saved!",
  "meta": [
    {
      "userId": "agungprase9957@gmail.com"
    }
  ]
}
[90m[2025-01-11 15:09:12.321][39m [[1m[34mINFO[39m[22m] {
  "ctx": "User chat saved!",
  "meta": [
    {
      "userId": "agungprase9957@gmail.com"
    }
  ]
}
[90m[2025-01-11 15:10:23.137][39m [[1m[34mINFO[39m[22m] {
  "ctx": "User chat saved!",
  "meta": [
    {
      "userId": "agungprase9957@gmail.com"
    }
  ]
}
[90m[2025-01-11 17:50:33.339][39m [[1m[34mINFO[39m[22m] {
  "ctx": "User chat saved!",
  "meta": [
    {
      "userId": "agungprase9957@gmail.com"
    }
  ]
}
[90m[2025-01-11 17:52:43.164][39m [[1m[34mINFO[39m[22m] {
  "ctx": "User chat saved!",
  "meta": [
    {
      "userId": "agungprase9957@gmail.com"
    }
  ]
}
[90m[2025-01-11 17:54:56.345][39m [[1m[34mINFO[39m[22m] {
  "ctx": "User chat saved!",
  "meta": [
    {
      "userId": "agungprase9957@gmail.com"
    }
  ]
}
[90m[2025-01-11 17:55:27.648][39m [[1m[34mINFO[39m[22m] {
  "ctx": "User chat saved!",
  "meta": [
    {
      "userId": "agungprase9957@gmail.com"
    }
  ]
}
[90m[2025-01-11 17:56:01.126][39m [[1m[34mINFO[39m[22m] {
  "ctx": "User chat saved!",
  "meta": [
    {
      "userId": "agungprase9957@gmail.com"
    }
  ]
}
[90m[2025-01-11 17:57:59.474][39m [[1m[34mINFO[39m[22m] {
  "ctx": "User chat saved!",
  "meta": [
    {
      "userId": "agungprase9957@gmail.com"
    }
  ]
}
[90m[2025-01-11 17:58:16.382][39m [[1m[34mINFO[39m[22m] {
  "ctx": "User chat saved!",
  "meta": [
    {
      "userId": "agungprase9957@gmail.com"
    }
  ]
}
[90m[2025-01-11 17:58:32.703][39m [[1m[34mINFO[39m[22m] {
  "ctx": "User chat saved!",
  "meta": [
    {
      "userId": "agungprase9957@gmail.com"
    }
  ]
}
[90m[2025-01-11 17:58:51.606][39m [[1m[34mINFO[39m[22m] {
  "ctx": "User chat saved!",
  "meta": [
    {
      "userId": "agungprase9957@gmail.com"
    }
  ]
}
[90m[2025-01-11 17:59:19.301][39m [[1m[34mINFO[39m[22m] {
  "ctx": "User chat saved!",
  "meta": [
    {
      "userId": "agungprase9957@gmail.com"
    }
  ]
}
[90m[2025-01-11 17:59:58.676][39m [[1m[34mINFO[39m[22m] {
  "ctx": "User chat saved!",
  "meta": [
    {
      "userId": "agungprase9957@gmail.com"
    }
  ]
}
[90m[2025-01-11 18:00:13.147][39m [[1m[34mINFO[39m[22m] {
  "ctx": "User chat saved!",
  "meta": [
    {
      "userId": "agungprase9957@gmail.com"
    }
  ]
}
[90m[2025-01-11 18:00:42.393][39m [[1m[34mINFO[39m[22m] {
  "ctx": "User chat saved!",
  "meta": [
    {
      "userId": "agungprase9957@gmail.com"
    }
  ]
}
[90m[2025-01-11 18:01:03.439][39m [[1m[34mINFO[39m[22m] {
  "ctx": "User chat saved!",
  "meta": [
    {
      "userId": "agungprase9957@gmail.com"
    }
  ]
}
[90m[2025-01-11 18:01:29.026][39m [[1m[34mINFO[39m[22m] {
  "ctx": "User chat saved!",
  "meta": [
    {
      "userId": "agungprase9957@gmail.com"
    }
  ]
}
[90m[2025-01-11 18:01:59.710][39m [[1m[34mINFO[39m[22m] {
  "ctx": "User chat saved!",
  "meta": [
    {
      "userId": "agungprase9957@gmail.com"
    }
  ]
}
[90m[2025-01-11 18:03:27.846][39m [[1m[34mINFO[39m[22m] {
  "ctx": "User chat saved!",
  "meta": [
    {
      "userId": "agungprase9957@gmail.com"
    }
  ]
}
[90m[2025-01-11 18:03:42.803][39m [[1m[34mINFO[39m[22m] {
  "ctx": "User chat saved!",
  "meta": [
    {
      "userId": "agungprase9957@gmail.com"
    }
  ]
}
[90m[2025-01-11 18:04:14.200][39m [[1m[34mINFO[39m[22m] {
  "ctx": "User chat saved!",
  "meta": [
    {
      "userId": "agungprase9957@gmail.com"
    }
  ]
}
[90m[2025-01-11 18:05:03.416][39m [[1m[34mINFO[39m[22m] {
  "ctx": "User chat saved!",
  "meta": [
    {
      "userId": "agungprase9957@gmail.com"
    }
  ]
}
[90m[2025-01-11 18:05:28.165][39m [[1m[34mINFO[39m[22m] {
  "ctx": "User chat saved!",
  "meta": [
    {
      "userId": "agungprase9957@gmail.com"
    }
  ]
}
[90m[2025-01-11 18:06:00.954][39m [[1m[34mINFO[39m[22m] {
  "ctx": "User chat saved!",
  "meta": [
    {
      "userId": "agungprase9957@gmail.com"
    }
  ]
}
[90m[2025-01-11 18:07:28.456][39m [[1m[34mINFO[39m[22m] {
  "ctx": "User chat saved!",
  "meta": [
    {
      "userId": "agungprase9957@gmail.com"
    }
  ]
}
[90m[2025-01-11 18:07:44.580][39m [[1m[34mINFO[39m[22m] {
  "ctx": "User chat saved!",
  "meta": [
    {
      "userId": "agungprase9957@gmail.com"
    }
  ]
}
[90m[2025-01-11 18:08:15.918][39m [[1m[34mINFO[39m[22m] {
  "ctx": "User chat saved!",
  "meta": [
    {
      "userId": "agungprase9957@gmail.com"
    }
  ]
}
[90m[2025-01-11 18:08:40.602][39m [[1m[34mINFO[39m[22m] {
  "ctx": "User chat saved!",
  "meta": [
    {
      "userId": "agungprase9957@gmail.com"
    }
  ]
}
[90m[2025-01-11 18:09:33.752][39m [[1m[34mINFO[39m[22m] {
  "ctx": "User chat saved!",
  "meta": [
    {
      "userId": "agungprase9957@gmail.com"
    }
  ]
}
[90m[2025-01-11 18:13:33.813][39m [[1m[34mINFO[39m[22m] {
  "ctx": "User chat saved!",
  "meta": [
    {
      "userId": "agungprase9957@gmail.com"
    }
  ]
}
[90m[2025-01-11 18:14:54.878][39m [[1m[34mINFO[39m[22m] {
  "ctx": "User chat saved!",
  "meta": [
    {
      "userId": "agungprase9957@gmail.com"
    }
  ]
}
[90m[2025-01-11 18:15:11.885][39m [[1m[34mINFO[39m[22m] {
  "ctx": "User chat saved!",
  "meta": [
    {
      "userId": "agungprase9957@gmail.com"
    }
  ]
}
[90m[2025-01-11 18:25:38.806][39m [[1m[34mINFO[39m[22m] {
  "ctx": "User chat saved!",
  "meta": [
    {
      "userId": "agungprase9957@gmail.com"
    }
  ]
}
[90m[2025-01-11 18:25:56.193][39m [[1m[34mINFO[39m[22m] {
  "ctx": "User chat saved!",
  "meta": [
    {
      "userId": "agungprase9957@gmail.com"
    }
  ]
}
[90m[2025-01-11 18:26:21.236][39m [[1m[34mINFO[39m[22m] {
  "ctx": "User chat saved!",
  "meta": [
    {
      "userId": "agungprase9957@gmail.com"
    }
  ]
}
[90m[2025-01-11 18:26:35.902][39m [[1m[34mINFO[39m[22m] {
  "ctx": "User chat saved!",
  "meta": [
    {
      "userId": "agungprase9957@gmail.com"
    }
  ]
}
[90m[2025-01-11 18:26:49.626][39m [[1m[34mINFO[39m[22m] {
  "ctx": "User chat saved!",
  "meta": [
    {
      "userId": "agungprase9957@gmail.com"
    }
  ]
}
[90m[2025-01-11 18:35:12.522][39m [[1m[34mINFO[39m[22m] {
  "ctx": "User chat saved!",
  "meta": [
    {
      "userId": "agungprase9957@gmail.com"
    }
  ]
}
[90m[2025-01-11 18:36:55.890][39m [[1m[34mINFO[39m[22m] {
  "ctx": "User chat saved!",
  "meta": [
    {
      "userId": "agungprase9957@gmail.com"
    }
  ]
}
[90m[2025-01-11 18:38:00.688][39m [[1m[34mINFO[39m[22m] {
  "ctx": "User chat saved!",
  "meta": [
    {
      "userId": "agungprase9957@gmail.com"
    }
  ]
}
[90m[2025-01-11 18:38:17.455][39m [[1m[34mINFO[39m[22m] {
  "ctx": "User chat saved!",
  "meta": [
    {
      "userId": "agungprase9957@gmail.com"
    }
  ]
}
[90m[2025-01-11 18:40:45.638][39m [[1m[34mINFO[39m[22m] {
  "ctx": "User chat saved!",
  "meta": [
    {
      "userId": "agungprase9957@gmail.com"
    }
  ]
}
[90m[2025-01-11 18:41:02.314][39m [[1m[34mINFO[39m[22m] {
  "ctx": "User chat saved!",
  "meta": [
    {
      "userId": "agungprase9957@gmail.com"
    }
  ]
}
[90m[2025-01-11 18:41:36.904][39m [[1m[34mINFO[39m[22m] {
  "ctx": "User chat saved!",
  "meta": [
    {
      "userId": "agungprase9957@gmail.com"
    }
  ]
}
[90m[2025-01-11 18:41:59.629][39m [[1m[34mINFO[39m[22m] {
  "ctx": "User chat saved!",
  "meta": [
    {
      "userId": "agungprase9957@gmail.com"
    }
  ]
}
[90m[2025-01-11 18:42:32.636][39m [[1m[34mINFO[39m[22m] {
  "ctx": "User chat saved!",
  "meta": [
    {
      "userId": "agungprase9957@gmail.com"
    }
  ]
}
[90m[2025-01-11 18:43:51.275][39m [[1m[34mINFO[39m[22m] {
  "ctx": "User chat saved!",
  "meta": [
    {
      "userId": "agungprase9957@gmail.com"
    }
  ]
}
[90m[2025-01-11 18:45:03.890][39m [[1m[34mINFO[39m[22m] {
  "ctx": "User chat saved!",
  "meta": [
    {
      "userId": "agungprase9957@gmail.com"
    }
  ]
}
[90m[2025-01-11 18:47:09.444][39m [[1m[34mINFO[39m[22m] {
  "ctx": "User chat saved!",
  "meta": [
    {
      "userId": "agungprase9957@gmail.com"
    }
  ]
}
[90m[2025-01-11 18:47:34.794][39m [[1m[34mINFO[39m[22m] {
  "ctx": "User chat saved!",
  "meta": [
    {
      "userId": "agungprase9957@gmail.com"
    }
  ]
}
[90m[2025-01-11 18:48:07.470][39m [[1m[34mINFO[39m[22m] {
  "ctx": "User chat saved!",
  "meta": [
    {
      "userId": "agungprase9957@gmail.com"
    }
  ]
}
[90m[2025-01-11 18:48:29.035][39m [[1m[34mINFO[39m[22m] {
  "ctx": "User chat saved!",
  "meta": [
    {
      "userId": "agungprase9957@gmail.com"
    }
  ]
}
[90m[2025-01-11 18:49:21.825][39m [[1m[34mINFO[39m[22m] {
  "ctx": "User chat saved!",
  "meta": [
    {
      "userId": "agungprase9957@gmail.com"
    }
  ]
}
[90m[2025-01-11 18:49:42.969][39m [[1m[34mINFO[39m[22m] {
  "ctx": "User chat saved!",
  "meta": [
    {
      "userId": "agungprase9957@gmail.com"
    }
  ]
}
[90m[2025-01-11 18:50:17.813][39m [[1m[34mINFO[39m[22m] {
  "ctx": "User chat saved!",
  "meta": [
    {
      "userId": "agungprase9957@gmail.com"
    }
  ]
}
[90m[2025-01-11 18:50:41.176][39m [[1m[34mINFO[39m[22m] {
  "ctx": "User chat saved!",
  "meta": [
    {
      "userId": "agungprase9957@gmail.com"
    }
  ]
}
[90m[2025-01-11 18:52:13.488][39m [[1m[34mINFO[39m[22m] {
  "ctx": "User chat saved!",
  "meta": [
    {
      "userId": "agungprase9957@gmail.com"
    }
  ]
}
[90m[2025-01-11 18:52:52.385][39m [[1m[34mINFO[39m[22m] {
  "ctx": "User chat saved!",
  "meta": [
    {
      "userId": "agungprase9957@gmail.com"
    }
  ]
}
[90m[2025-01-11 18:53:18.026][39m [[1m[34mINFO[39m[22m] {
  "ctx": "User chat saved!",
  "meta": [
    {
      "userId": "agungprase9957@gmail.com"
    }
  ]
}
[90m[2025-01-11 18:53:35.892][39m [[1m[34mINFO[39m[22m] {
  "ctx": "User chat saved!",
  "meta": [
    {
      "userId": "agungprase9957@gmail.com"
    }
  ]
}
[90m[2025-01-11 18:54:21.561][39m [[1m[34mINFO[39m[22m] {
  "ctx": "User chat saved!",
  "meta": [
    {
      "userId": "agungprase9957@gmail.com"
    }
  ]
}
[90m[2025-01-11 18:56:43.154][39m [[1m[34mINFO[39m[22m] {
  "ctx": "User chat saved!",
  "meta": [
    {
      "userId": "agungprase9957@gmail.com"
    }
  ]
}
[90m[2025-01-11 18:57:07.414][39m [[1m[34mINFO[39m[22m] {
  "ctx": "User chat saved!",
  "meta": [
    {
      "userId": "agungprase9957@gmail.com"
    }
  ]
}
[90m[2025-01-11 18:57:26.303][39m [[1m[34mINFO[39m[22m] {
  "ctx": "User chat saved!",
  "meta": [
    {
      "userId": "agungprase9957@gmail.com"
    }
  ]
}
[90m[2025-01-11 18:58:16.902][39m [[1m[34mINFO[39m[22m] {
  "ctx": "User chat saved!",
  "meta": [
    {
      "userId": "agungprase9957@gmail.com"
    }
  ]
}
[90m[2025-01-11 18:59:40.793][39m [[1m[34mINFO[39m[22m] {
  "ctx": "User chat saved!",
  "meta": [
    {
      "userId": "agungprase9957@gmail.com"
    }
  ]
}
[90m[2025-01-11 19:00:13.447][39m [[1m[34mINFO[39m[22m] {
  "ctx": "User chat saved!",
  "meta": [
    {
      "userId": "agungprase9957@gmail.com"
    }
  ]
}
[90m[2025-01-11 19:03:55.063][39m [[1m[34mINFO[39m[22m] {
  "ctx": "User chat saved!",
  "meta": [
    {
      "userId": "agungprase9957@gmail.com"
    }
  ]
}
[90m[2025-01-11 19:04:48.896][39m [[1m[34mINFO[39m[22m] {
  "ctx": "User chat saved!",
  "meta": [
    {
      "userId": "agungprase9957@gmail.com"
    }
  ]
}
[90m[2025-01-11 19:10:46.156][39m [[1m[34mINFO[39m[22m] {
  "ctx": "User chat saved!",
  "meta": [
    {
      "userId": "agungprase9957@gmail.com"
    }
  ]
}
[90m[2025-01-11 19:11:02.012][39m [[1m[34mINFO[39m[22m] {
  "ctx": "User chat saved!",
  "meta": [
    {
      "userId": "agungprase9957@gmail.com"
    }
  ]
}
[90m[2025-01-11 19:17:04.484][39m [[1m[34mINFO[39m[22m] {
  "ctx": "User chat saved!",
  "meta": [
    {
      "userId": "agungprase9957@gmail.com"
    }
  ]
}
[90m[2025-01-11 19:17:55.262][39m [[1m[34mINFO[39m[22m] {
  "ctx": "User chat saved!",
  "meta": [
    {
      "userId": "agungprase9957@gmail.com"
    }
  ]
}
[90m[2025-01-11 19:18:10.238][39m [[1m[34mINFO[39m[22m] {
  "ctx": "User chat saved!",
  "meta": [
    {
      "userId": "agungprase9957@gmail.com"
    }
  ]
}
[90m[2025-01-11 19:19:42.849][39m [[1m[34mINFO[39m[22m] {
  "ctx": "User chat saved!",
  "meta": [
    {
      "userId": "agungprase9957@gmail.com"
    }
  ]
}
[90m[2025-01-11 19:20:22.973][39m [[1m[34mINFO[39m[22m] {
  "ctx": "User chat saved!",
  "meta": [
    {
      "userId": "agungprase9957@gmail.com"
    }
  ]
}
[90m[2025-01-11 19:20:47.860][39m [[1m[34mINFO[39m[22m] {
  "ctx": "User chat saved!",
  "meta": [
    {
      "userId": "agungprase9957@gmail.com"
    }
  ]
}
[90m[2025-01-11 19:21:00.847][39m [[1m[34mINFO[39m[22m] {
  "ctx": "User chat saved!",
  "meta": [
    {
      "userId": "agungprase9957@gmail.com"
    }
  ]
}
[90m[2025-01-11 19:21:26.452][39m [[1m[34mINFO[39m[22m] {
  "ctx": "User chat saved!",
  "meta": [
    {
      "userId": "agungprase9957@gmail.com"
    }
  ]
}
[90m[2025-01-11 19:22:18.070][39m [[1m[34mINFO[39m[22m] {
  "ctx": "User chat saved!",
  "meta": [
    {
      "userId": "agungprase9957@gmail.com"
    }
  ]
}
[90m[2025-01-11 19:24:32.928][39m [[1m[34mINFO[39m[22m] {
  "ctx": "User chat saved!",
  "meta": [
    {
      "userId": "agungprase9957@gmail.com"
    }
  ]
}
[90m[2025-01-11 19:24:44.640][39m [[1m[34mINFO[39m[22m] {
  "ctx": "User chat saved!",
  "meta": [
    {
      "userId": "agungprase9957@gmail.com"
    }
  ]
}
[90m[2025-01-11 19:24:59.360][39m [[1m[34mINFO[39m[22m] {
  "ctx": "User chat saved!",
  "meta": [
    {
      "userId": "agungprase9957@gmail.com"
    }
  ]
}
[90m[2025-01-11 19:29:19.516][39m [[1m[34mINFO[39m[22m] {
  "ctx": "User chat saved!",
  "meta": [
    {
      "userId": "agungprase9957@gmail.com"
    }
  ]
}
[90m[2025-01-11 19:29:33.314][39m [[1m[34mINFO[39m[22m] {
  "ctx": "User chat saved!",
  "meta": [
    {
      "userId": "agungprase9957@gmail.com"
    }
  ]
}
[90m[2025-01-11 19:30:33.865][39m [[1m[34mINFO[39m[22m] {
  "ctx": "User chat saved!",
  "meta": [
    {
      "userId": "agungprase9957@gmail.com"
    }
  ]
}
[90m[2025-01-11 19:31:21.234][39m [[1m[34mINFO[39m[22m] {
  "ctx": "User chat saved!",
  "meta": [
    {
      "userId": "agungprase9957@gmail.com"
    }
  ]
}
[90m[2025-01-11 19:31:46.183][39m [[1m[34mINFO[39m[22m] {
  "ctx": "User chat saved!",
  "meta": [
    {
      "userId": "agungprase9957@gmail.com"
    }
  ]
}
[90m[2025-01-11 19:31:58.178][39m [[1m[34mINFO[39m[22m] {
  "ctx": "User chat saved!",
  "meta": [
    {
      "userId": "agungprase9957@gmail.com"
    }
  ]
}
[90m[2025-01-11 19:32:12.834][39m [[1m[34mINFO[39m[22m] {
  "ctx": "User chat saved!",
  "meta": [
    {
      "userId": "agungprase9957@gmail.com"
    }
  ]
}
[90m[2025-01-11 19:32:59.515][39m [[1m[34mINFO[39m[22m] {
  "ctx": "User chat saved!",
  "meta": [
    {
      "userId": "agungprase9957@gmail.com"
    }
  ]
}
[90m[2025-01-11 19:37:00.868][39m [[1m[34mINFO[39m[22m] {
  "ctx": "User chat saved!",
  "meta": [
    {
      "userId": "agungprase9957@gmail.com"
    }
  ]
}
[90m[2025-01-11 19:37:47.605][39m [[1m[34mINFO[39m[22m] {
  "ctx": "User chat saved!",
  "meta": [
    {
      "userId": "agungprase9957@gmail.com"
    }
  ]
}
[90m[2025-01-11 19:38:03.842][39m [[1m[34mINFO[39m[22m] {
  "ctx": "User chat saved!",
  "meta": [
    {
      "userId": "agungprase9957@gmail.com"
    }
  ]
}
[90m[2025-01-11 19:39:12.869][39m [[1m[34mINFO[39m[22m] {
  "ctx": "User chat saved!",
  "meta": [
    {
      "userId": "agungprase9957@gmail.com"
    }
  ]
}
[90m[2025-01-11 19:39:51.521][39m [[1m[34mINFO[39m[22m] {
  "ctx": "User chat saved!",
  "meta": [
    {
      "userId": "agungprase9957@gmail.com"
    }
  ]
}
[90m[2025-01-11 19:40:09.351][39m [[1m[34mINFO[39m[22m] {
  "ctx": "User chat saved!",
  "meta": [
    {
      "userId": "agungprase9957@gmail.com"
    }
  ]
}
[90m[2025-01-11 19:41:53.813][39m [[1m[34mINFO[39m[22m] {
  "ctx": "User chat saved!",
  "meta": [
    {
      "userId": "agungprase9957@gmail.com"
    }
  ]
}
[90m[2025-01-11 19:43:18.991][39m [[1m[34mINFO[39m[22m] {
  "ctx": "User chat saved!",
  "meta": [
    {
      "userId": "agungprase9957@gmail.com"
    }
  ]
}
[90m[2025-01-11 19:43:31.372][39m [[1m[34mINFO[39m[22m] {
  "ctx": "User chat saved!",
  "meta": [
    {
      "userId": "agungprase9957@gmail.com"
    }
  ]
}
[90m[2025-01-11 19:43:58.157][39m [[1m[34mINFO[39m[22m] {
  "ctx": "User chat saved!",
  "meta": [
    {
      "userId": "agungprase9957@gmail.com"
    }
  ]
}
[90m[2025-01-11 19:45:25.050][39m [[1m[34mINFO[39m[22m] {
  "ctx": "User chat saved!",
  "meta": [
    {
      "userId": "agungprase9957@gmail.com"
    }
  ]
}
[90m[2025-01-11 20:14:43.093][39m [[1m[34mINFO[39m[22m] {
  "ctx": "User chat saved!",
  "meta": [
    {
      "userId": "agungprase9957@gmail.com"
    }
  ]
}
[90m[2025-01-11 20:15:17.452][39m [[1m[34mINFO[39m[22m] {
  "ctx": "User chat saved!",
  "meta": [
    {
      "userId": "agungprase9957@gmail.com"
    }
  ]
}
[90m[2025-01-11 20:16:08.638][39m [[1m[34mINFO[39m[22m] {
  "ctx": "User chat saved!",
  "meta": [
    {
      "userId": "agungprase9957@gmail.com"
    }
  ]
}
[90m[2025-01-11 20:16:36.973][39m [[1m[34mINFO[39m[22m] {
  "ctx": "User chat saved!",
  "meta": [
    {
      "userId": "agungprase9957@gmail.com"
    }
  ]
}
[90m[2025-01-11 20:17:39.224][39m [[1m[34mINFO[39m[22m] {
  "ctx": "User chat saved!",
  "meta": [
    {
      "userId": "agungprase9957@gmail.com"
    }
  ]
}
[90m[2025-01-11 20:18:56.460][39m [[1m[34mINFO[39m[22m] {
  "ctx": "User chat saved!",
  "meta": [
    {
      "userId": "agungprase9957@gmail.com"
    }
  ]
}
[90m[2025-01-11 20:20:07.966][39m [[1m[34mINFO[39m[22m] {
  "ctx": "User chat saved!",
  "meta": [
    {
      "userId": "agungprase9957@gmail.com"
    }
  ]
}
[90m[2025-01-11 20:20:48.747][39m [[1m[34mINFO[39m[22m] {
  "ctx": "User chat saved!",
  "meta": [
    {
      "userId": "agungprase9957@gmail.com"
    }
  ]
}
[90m[2025-01-11 20:20:59.455][39m [[1m[34mINFO[39m[22m] {
  "ctx": "User chat saved!",
  "meta": [
    {
      "userId": "agungprase9957@gmail.com"
    }
  ]
}
[90m[2025-01-11 20:21:23.562][39m [[1m[34mINFO[39m[22m] {
  "ctx": "User chat saved!",
  "meta": [
    {
      "userId": "agungprase9957@gmail.com"
    }
  ]
}
[90m[2025-01-11 20:22:14.569][39m [[1m[34mINFO[39m[22m] {
  "ctx": "User chat saved!",
  "meta": [
    {
      "userId": "agungprase9957@gmail.com"
    }
  ]
}
[90m[2025-01-11 20:23:40.072][39m [[1m[34mINFO[39m[22m] {
  "ctx": "User chat saved!",
  "meta": [
    {
      "userId": "agungprase9957@gmail.com"
    }
  ]
}
[90m[2025-01-11 20:24:53.445][39m [[1m[34mINFO[39m[22m] {
  "ctx": "User chat saved!",
  "meta": [
    {
      "userId": "agungprase9957@gmail.com"
    }
  ]
}
[90m[2025-01-11 20:29:39.890][39m [[1m[34mINFO[39m[22m] {
  "ctx": "User chat saved!",
  "meta": [
    {
      "userId": "agungprase9957@gmail.com"
    }
  ]
}
[90m[2025-01-11 20:30:38.528][39m [[1m[34mINFO[39m[22m] {
  "ctx": "User chat saved!",
  "meta": [
    {
      "userId": "agungprase9957@gmail.com"
    }
  ]
}
[90m[2025-01-11 20:32:32.727][39m [[1m[34mINFO[39m[22m] {
  "ctx": "User chat saved!",
  "meta": [
    {
      "userId": "agungprase9957@gmail.com"
    }
  ]
}
[90m[2025-01-11 20:33:13.747][39m [[1m[34mINFO[39m[22m] {
  "ctx": "User chat saved!",
  "meta": [
    {
      "userId": "agungprase9957@gmail.com"
    }
  ]
}
[90m[2025-01-11 20:33:21.683][39m [[1m[34mINFO[39m[22m] {
  "ctx": "User chat saved!",
  "meta": [
    {
      "userId": "agungprase9957@gmail.com"
    }
  ]
}
[90m[2025-01-11 20:35:19.809][39m [[1m[34mINFO[39m[22m] {
  "ctx": "User chat saved!",
  "meta": [
    {
      "userId": "agungprase9957@gmail.com"
    }
  ]
}
[90m[2025-01-11 20:36:25.162][39m [[1m[34mINFO[39m[22m] {
  "ctx": "User chat saved!",
  "meta": [
    {
      "userId": "agungprase9957@gmail.com"
    }
  ]
}
[90m[2025-01-11 20:37:39.188][39m [[1m[34mINFO[39m[22m] {
  "ctx": "User chat saved!",
  "meta": [
    {
      "userId": "agungprase9957@gmail.com"
    }
  ]
}
[90m[2025-01-11 20:39:52.005][39m [[1m[34mINFO[39m[22m] {
  "ctx": "User chat saved!",
  "meta": [
    {
      "userId": "agungprase9957@gmail.com"
    }
  ]
}
[90m[2025-01-11 20:44:38.700][39m [[1m[34mINFO[39m[22m] {
  "ctx": "User chat saved!",
  "meta": [
    {
      "userId": "agungprase9957@gmail.com"
    }
  ]
}
[90m[2025-01-11 20:45:33.490][39m [[1m[34mINFO[39m[22m] {
  "ctx": "User chat saved!",
  "meta": [
    {
      "userId": "agungprase9957@gmail.com"
    }
  ]
}
[90m[2025-01-11 20:46:04.715][39m [[1m[34mINFO[39m[22m] {
  "ctx": "User chat saved!",
  "meta": [
    {
      "userId": "agungprase9957@gmail.com"
    }
  ]
}
[90m[2025-01-11 20:48:04.565][39m [[1m[34mINFO[39m[22m] {
  "ctx": "User chat saved!",
  "meta": [
    {
      "userId": "agungprase9957@gmail.com"
    }
  ]
}
[90m[2025-01-11 20:48:32.754][39m [[1m[34mINFO[39m[22m] {
  "ctx": "User chat saved!",
  "meta": [
    {
      "userId": "agungprase9957@gmail.com"
    }
  ]
}
[90m[2025-01-11 20:49:29.637][39m [[1m[34mINFO[39m[22m] {
  "ctx": "User chat saved!",
  "meta": [
    {
      "userId": "agungprase9957@gmail.com"
    }
  ]
}
[90m[2025-01-11 20:50:05.243][39m [[1m[34mINFO[39m[22m] {
  "ctx": "User chat saved!",
  "meta": [
    {
      "userId": "agungprase9957@gmail.com"
    }
  ]
}
[90m[2025-01-11 20:50:17.758][39m [[1m[34mINFO[39m[22m] {
  "ctx": "User chat saved!",
  "meta": [
    {
      "userId": "agungprase9957@gmail.com"
    }
  ]
}
[90m[2025-01-11 20:50:43.954][39m [[1m[34mINFO[39m[22m] {
  "ctx": "User chat saved!",
  "meta": [
    {
      "userId": "agungprase9957@gmail.com"
    }
  ]
}
[90m[2025-01-11 20:51:54.336][39m [[1m[34mINFO[39m[22m] {
  "ctx": "User chat saved!",
  "meta": [
    {
      "userId": "agungprase9957@gmail.com"
    }
  ]
}
[90m[2025-01-11 20:53:44.597][39m [[1m[34mINFO[39m[22m] {
  "ctx": "User chat saved!",
  "meta": [
    {
      "userId": "agungprase9957@gmail.com"
    }
  ]
}
[90m[2025-01-11 20:54:06.510][39m [[1m[34mINFO[39m[22m] {
  "ctx": "User chat saved!",
  "meta": [
    {
      "userId": "agungprase9957@gmail.com"
    }
  ]
}
[90m[2025-01-11 20:55:31.345][39m [[1m[34mINFO[39m[22m] {
  "ctx": "User chat saved!",
  "meta": [
    {
      "userId": "agungprase9957@gmail.com"
    }
  ]
}
[90m[2025-01-11 20:56:11.141][39m [[1m[34mINFO[39m[22m] {
  "ctx": "User chat saved!",
  "meta": [
    {
      "userId": "agungprase9957@gmail.com"
    }
  ]
}
[90m[2025-01-11 20:56:55.308][39m [[1m[34mINFO[39m[22m] {
  "ctx": "User chat saved!",
  "meta": [
    {
      "userId": "agungprase9957@gmail.com"
    }
  ]
}
[90m[2025-01-11 21:00:49.649][39m [[1m[34mINFO[39m[22m] {
  "ctx": "User chat saved!",
  "meta": [
    {
      "userId": "agungprase9957@gmail.com"
    }
  ]
}
[90m[2025-01-11 21:03:19.481][39m [[1m[34mINFO[39m[22m] {
  "ctx": "User chat saved!",
  "meta": [
    {
      "userId": "agungprase9957@gmail.com"
    }
  ]
}
[90m[2025-01-11 21:04:51.767][39m [[1m[34mINFO[39m[22m] {
  "ctx": "User chat saved!",
  "meta": [
    {
      "userId": "agungprase9957@gmail.com"
    }
  ]
}
[90m[2025-01-11 21:05:20.425][39m [[1m[34mINFO[39m[22m] {
  "ctx": "User chat saved!",
  "meta": [
    {
      "userId": "agungprase9957@gmail.com"
    }
  ]
}
[90m[2025-01-11 21:06:10.883][39m [[1m[34mINFO[39m[22m] {
  "ctx": "User chat saved!",
  "meta": [
    {
      "userId": "agungprase9957@gmail.com"
    }
  ]
}
[90m[2025-01-11 21:06:27.019][39m [[1m[34mINFO[39m[22m] {
  "ctx": "User chat saved!",
  "meta": [
    {
      "userId": "agungprase9957@gmail.com"
    }
  ]
}
[90m[2025-01-11 21:06:56.513][39m [[1m[34mINFO[39m[22m] {
  "ctx": "User chat saved!",
  "meta": [
    {
      "userId": "agungprase9957@gmail.com"
    }
  ]
}
[90m[2025-01-11 21:12:08.435][39m [[1m[34mINFO[39m[22m] {
  "ctx": "User chat saved!",
  "meta": [
    {
      "userId": "agungprase9957@gmail.com"
    }
  ]
}
[90m[2025-01-11 21:12:12.312][39m [[1m[34mINFO[39m[22m] {
  "ctx": "User chat saved!",
  "meta": [
    {
      "userId": "agungprase9957@gmail.com"
    }
  ]
}
[90m[2025-01-11 21:17:52.900][39m [[1m[34mINFO[39m[22m] {
  "ctx": "User chat saved!",
  "meta": [
    {
      "userId": "agungprase9957@gmail.com"
    }
  ]
}
[90m[2025-01-11 21:53:22.899][39m [[1m[34mINFO[39m[22m] {
  "ctx": "User chat saved!",
  "meta": [
    {
      "userId": "agungprase9957@gmail.com"
    }
  ]
}
[90m[2025-01-11 21:53:48.642][39m [[1m[34mINFO[39m[22m] {
  "ctx": "User chat saved!",
  "meta": [
    {
      "userId": "agungprase9957@gmail.com"
    }
  ]
}
[90m[2025-01-11 21:56:32.233][39m [[1m[34mINFO[39m[22m] {
  "ctx": "User chat saved!",
  "meta": [
    {
      "userId": "agungprase9957@gmail.com"
    }
  ]
}
[90m[2025-01-11 22:02:01.281][39m [[1m[34mINFO[39m[22m] {
  "ctx": "User chat saved!",
  "meta": [
    {
      "userId": "agungprase9957@gmail.com"
    }
  ]
}
[90m[2025-01-11 22:02:23.375][39m [[1m[34mINFO[39m[22m] {
  "ctx": "User chat saved!",
  "meta": [
    {
      "userId": "agungprase9957@gmail.com"
    }
  ]
}
[90m[2025-01-11 22:03:28.198][39m [[1m[34mINFO[39m[22m] {
  "ctx": "User chat saved!",
  "meta": [
    {
      "userId": "agungprase9957@gmail.com"
    }
  ]
}
[90m[2025-01-11 22:21:05.742][39m [[1m[34mINFO[39m[22m] {
  "ctx": "User chat saved!",
  "meta": [
    {
      "userId": "agungprase9957@gmail.com"
    }
  ]
}
[90m[2025-01-11 22:27:52.070][39m [[1m[34mINFO[39m[22m] {
  "ctx": "User chat saved!",
  "meta": [
    {
      "userId": "agungprase9957@gmail.com"
    }
  ]
}
[90m[2025-01-11 22:29:42.072][39m [[1m[34mINFO[39m[22m] {
  "ctx": "User chat saved!",
  "meta": [
    {
      "userId": "agungprase9957@gmail.com"
    }
  ]
}
